2025-08-02 23:40:45,988 - INFO - 2025-08-02 23:40:45.988048 - User: Anonymous - Path: /api-auth/login/
2025-08-02 23:40:46,458 - INFO - 2025-08-02 23:40:46.458947 - User: Anonymous - Path: /favicon.ico
2025-08-02 23:41:30,844 - INFO - 2025-08-02 23:41:30.844690 - User: Anonymous - Path: /api-auth/login/
2025-08-02 23:41:31,148 - INFO - 2025-08-02 23:41:31.148030 - User: aderemijoseph@live.com - Path: /accounts/profile/
2025-08-02 23:42:04,769 - INFO - 2025-08-02 23:42:04.769572 - User: aderemijoseph@live.com - Path: /api/
2025-08-02 23:52:03,128 - INFO - 2025-08-02 23:52:03.128121 - User: aderemijoseph@live.com - Path: /api/conversations/
2025-08-04 08:36:11,689 - INFO - 2025-08-04 08:36:11.689283 - User: aderemijoseph@live.com - Path: /api/
2025-08-04 08:36:12,204 - INFO - 2025-08-04 08:36:12.204730 - User: aderemijoseph@live.com - Path: /favicon.ico
2025-08-04 08:36:15,858 - INFO - 2025-08-04 08:36:15.858261 - User: aderemijoseph@live.com - Path: /api/
2025-08-04 08:36:16,629 - INFO - 2025-08-04 08:36:16.629343 - User: aderemijoseph@live.com - Path: /favicon.ico
2025-08-04 08:36:25,978 - INFO - 2025-08-04 08:36:25.978219 - User: aderemijoseph@live.com - Path: /api/
2025-08-04 09:00:56,891 - INFO - 2025-08-04 09:00:56.890994 - User: aderemijoseph@live.com - Path: /api/chat
2025-08-04 09:01:17,053 - INFO - 2025-08-04 09:01:17.053623 - User: aderemijoseph@live.com - Path: /api/converations
2025-08-04 09:01:24,713 - INFO - 2025-08-04 09:01:24.713156 - User: aderemijoseph@live.com - Path: /api/conversations
2025-08-04 09:01:24,729 - INFO - 2025-08-04 09:01:24.729087 - User: aderemijoseph@live.com - Path: /api/conversations/
2025-08-04 09:01:35,117 - INFO - 2025-08-04 09:01:35.117074 - User: aderemijoseph@live.com - Path: /api/conversations/
2025-08-04 09:02:05,067 - INFO - 2025-08-04 09:02:05.067004 - User: aderemijoseph@live.com - Path: /api/conversations/
2025-08-04 09:02:13,301 - INFO - 2025-08-04 09:02:13.301551 - User: aderemijoseph@live.com - Path: /api/conversations/
2025-08-04 09:04:58,737 - INFO - 2025-08-04 09:04:58.737368 - User: aderemijoseph@live.com - Path: /api/conversations/
2025-08-04 09:05:02,762 - INFO - 2025-08-04 09:05:02.762911 - User: aderemijoseph@live.com - Path: /api/conversations/
2025-08-04 09:05:57,759 - INFO - 2025-08-04 09:05:57.759585 - User: aderemijoseph@live.com - Path: /api/conversations/
2025-08-04 09:06:24,003 - INFO - 2025-08-04 09:06:24.003135 - User: aderemijoseph@live.com - Path: /api/conversations/
2025-08-04 09:18:01,982 - INFO - 2025-08-04 09:18:01.982141 - User: aderemijoseph@live.com - Path: /api/users
2025-08-04 09:18:27,515 - INFO - 2025-08-04 09:18:27.515915 - User: aderemijoseph@live.com - Path: /api/messages/
2025-08-04 09:19:07,434 - INFO - 2025-08-04 09:19:07.434352 - User: aderemijoseph@live.com - Path: /api/messages/
2025-08-04 09:20:58,010 - INFO - 2025-08-04 09:20:58.010317 - User: aderemijoseph@live.com - Path: /api/messages/
2025-08-04 09:20:58,759 - INFO - 2025-08-04 09:20:58.759597 - User: aderemijoseph@live.com - Path: /api/conversations/
2025-08-04 09:21:02,081 - INFO - 2025-08-04 09:21:02.081463 - User: aderemijoseph@live.com - Path: /api/conversations/
2025-08-04 09:21:22,015 - INFO - 2025-08-04 09:21:22.015842 - User: aderemijoseph@live.com - Path: /api/messages/
2025-08-04 09:22:06,106 - INFO - 2025-08-04 09:22:06.106318 - User: aderemijoseph@live.com - Path: /api/messages/
2025-08-04 09:22:25,940 - INFO - 2025-08-04 09:22:25.939943 - User: aderemijoseph@live.com - Path: /api/messages/
2025-08-04 09:22:40,591 - INFO - 2025-08-04 09:22:40.591586 - User: aderemijoseph@live.com - Path: /api/messages/
2025-08-04 09:22:56,508 - INFO - 2025-08-04 09:22:56.508155 - User: aderemijoseph@live.com - Path: /api/messages/
2025-08-04 09:22:58,851 - INFO - 2025-08-04 09:22:58.851922 - User: aderemijoseph@live.com - Path: /api/messages/
2025-08-04 09:23:37,976 - INFO - 2025-08-04 09:23:37.976518 - User: aderemijoseph@live.com - Path: /api/messages/
2025-08-04 09:24:00,194 - INFO - 2025-08-04 09:24:00.194414 - User: aderemijoseph@live.com - Path: /api/conversations/
2025-08-04 09:28:33,837 - INFO - 2025-08-04 09:28:33.837892 - User: aderemijoseph@live.com - Path: /api/messages/
2025-08-04 09:29:37,946 - INFO - 2025-08-04 09:29:37.946699 - User: aderemijoseph@live.com - Path: /api/messages/
2025-08-04 09:32:15,639 - INFO - 2025-08-04 09:32:15.639003 - User: aderemijoseph@live.com - Path: /api/messages/
2025-08-04 09:35:14,291 - INFO - 2025-08-04 09:35:14.291832 - User: aderemijoseph@live.com - Path: /api/conversations/
2025-08-04 09:35:27,529 - INFO - 2025-08-04 09:35:27.528980 - User: aderemijoseph@live.com - Path: /api/messages/
2025-08-04 09:37:42,794 - INFO - 2025-08-04 09:37:42.794643 - User: aderemijoseph@live.com - Path: /api/messages/
2025-08-04 09:37:47,678 - INFO - 2025-08-04 09:37:47.678178 - User: aderemijoseph@live.com - Path: /api/messages/
2025-08-04 09:39:52,470 - INFO - 2025-08-04 09:39:52.470891 - User: aderemijoseph@live.com - Path: /api/messages/
2025-08-04 09:40:37,435 - INFO - 2025-08-04 09:40:37.435417 - User: aderemijoseph@live.com - Path: /api/messages/
2025-08-04 09:40:56,995 - INFO - 2025-08-04 09:40:56.995700 - User: aderemijoseph@live.com - Path: /api/message
2025-08-04 09:41:06,469 - INFO - 2025-08-04 09:41:06.469106 - User: aderemijoseph@live.com - Path: /api/messages
2025-08-04 09:41:06,492 - INFO - 2025-08-04 09:41:06.492379 - User: aderemijoseph@live.com - Path: /api/messages/
2025-08-04 09:41:31,429 - INFO - 2025-08-04 09:41:31.429628 - User: aderemijoseph@live.com - Path: /api/messages/
2025-08-04 09:42:28,625 - INFO - 2025-08-04 09:42:28.625069 - User: aderemijoseph@live.com - Path: /api/messages/
2025-08-04 09:52:32,470 - INFO - 2025-08-04 09:52:32.470784 - User: aderemijoseph@live.com - Path: /api/messages/
2025-08-04 09:58:01,444 - INFO - 2025-08-04 09:58:01.443922 - User: aderemijoseph@live.com - Path: /api/messages/
2025-08-04 09:59:42,211 - INFO - 2025-08-04 09:59:42.211532 - User: aderemijoseph@live.com - Path: /api/messages/
2025-08-04 10:00:56,442 - INFO - 2025-08-04 10:00:56.441974 - User: aderemijoseph@live.com - Path: /api/messages/
2025-08-04 10:02:34,902 - INFO - 2025-08-04 10:02:34.902627 - User: aderemijoseph@live.com - Path: /api/messages/
2025-08-04 10:04:44,822 - INFO - 2025-08-04 10:04:44.821948 - User: aderemijoseph@live.com - Path: /api/messages/
2025-08-04 10:04:46,163 - INFO - 2025-08-04 10:04:46.163833 - User: aderemijoseph@live.com - Path: /api/messages/
2025-08-04 10:04:51,694 - INFO - 2025-08-04 10:04:51.694885 - User: aderemijoseph@live.com - Path: /api/messages/
2025-08-04 10:05:04,444 - INFO - 2025-08-04 10:05:04.444302 - User: aderemijoseph@live.com - Path: /api/messages/
2025-08-04 10:05:33,796 - INFO - 2025-08-04 10:05:33.796257 - User: aderemijoseph@live.com - Path: /api/messages/b1205644-b3fa-4a30-b3a9-6410f155e956
2025-08-04 10:05:33,813 - INFO - 2025-08-04 10:05:33.813278 - User: aderemijoseph@live.com - Path: /api/messages/b1205644-b3fa-4a30-b3a9-6410f155e956/
2025-08-04 10:06:26,747 - INFO - 2025-08-04 10:06:26.747542 - User: aderemijoseph@live.com - Path: /api/messages/fd91438e-c9fa-4187-b322-475b7c37ffa8/
2025-08-04 10:06:44,808 - INFO - 2025-08-04 10:06:44.808127 - User: aderemijoseph@live.com - Path: /api/messages/
2025-08-04 10:20:35,292 - INFO - 2025-08-04 10:20:35.292159 - User: aderemijoseph@live.com - Path: /api/messages/fd91438e-c9fa-4187-b322-475b7c37ffa8/
2025-08-04 10:21:07,818 - INFO - 2025-08-04 10:21:07.818522 - User: aderemijoseph@live.com - Path: /api/messages/fd91438e-c9fa-4187-b322-475b7c37ffa8/
2025-08-04 10:28:09,532 - INFO - 2025-08-04 10:28:09.531958 - User: aderemijoseph@live.com - Path: /api/messages/fd91438e-c9fa-4187-b322-475b7c37ffa8/
2025-08-04 10:50:52,850 - INFO - 2025-08-04 10:50:52.849956 - User: aderemijoseph@live.com - Path: /api/conversations/
2025-08-04 10:51:52,146 - INFO - 2025-08-04 10:51:52.146622 - User: aderemijoseph@live.com - Path: /api/conversations/
2025-08-04 10:52:11,574 - INFO - 2025-08-04 10:52:11.574021 - User: aderemijoseph@live.com - Path: /api/messages/
2025-08-04 10:52:25,896 - INFO - 2025-08-04 10:52:25.896295 - User: aderemijoseph@live.com - Path: /api/messages/
2025-08-04 10:52:53,427 - INFO - 2025-08-04 10:52:53.427159 - User: aderemijoseph@live.com - Path: /api/messages/c3de366b-430f-439d-8f99-2d68adeb48d9
2025-08-04 10:52:53,443 - INFO - 2025-08-04 10:52:53.443745 - User: aderemijoseph@live.com - Path: /api/messages/c3de366b-430f-439d-8f99-2d68adeb48d9/
2025-08-04 10:55:50,061 - INFO - 2025-08-04 10:55:50.061827 - User: aderemijoseph@live.com - Path: /api/messages/c3de366b-430f-439d-8f99-2d68adeb48d9/
2025-08-04 10:56:08,935 - INFO - 2025-08-04 10:56:08.935677 - User: aderemijoseph@live.com - Path: /api/messages/c3de366b-430f-439d-8f99-2d68adeb48d9/
2025-08-04 10:58:26,986 - INFO - 2025-08-04 10:58:26.986109 - User: aderemijoseph@live.com - Path: /api/messages/c3de366b-430f-439d-8f99-2d68adeb48d9/
2025-08-04 10:58:47,258 - INFO - 2025-08-04 10:58:47.258901 - User: aderemijoseph@live.com - Path: /api/messages/c3de366b-430f-439d-8f99-2d68adeb48d9/
2025-08-04 11:01:25,647 - INFO - 2025-08-04 11:01:25.647580 - User: aderemijoseph@live.com - Path: /api/messages/c3de366b-430f-439d-8f99-2d68adeb48d9/
2025-08-04 11:02:33,218 - INFO - 2025-08-04 11:02:33.218435 - User: aderemijoseph@live.com - Path: /api/messages/c3de366b-430f-439d-8f99-2d68adeb48d9/
2025-08-04 11:05:12,182 - INFO - 2025-08-04 11:05:12.182468 - User: aderemijoseph@live.com - Path: /api/messages/c3de366b-430f-439d-8f99-2d68adeb48d9/
2025-08-04 11:07:58,016 - INFO - 2025-08-04 11:07:58.016218 - User: aderemijoseph@live.com - Path: /api/messages/c3de366b-430f-439d-8f99-2d68adeb48d9/
2025-08-04 11:18:00,559 - INFO - 2025-08-04 11:18:00.558939 - User: aderemijoseph@live.com - Path: /api/messages/c3de366b-430f-439d-8f99-2d68adeb48d9/
2025-08-04 11:21:57,330 - INFO - 2025-08-04 11:21:57.329424 - User: aderemijoseph@live.com - Path: /api/conversations/c3de366b-430f-439d-8f99-2d68adeb48d9/messages
2025-08-04 11:22:09,600 - INFO - 2025-08-04 11:22:09.600094 - User: aderemijoseph@live.com - Path: /api/conversations/c3de366b-430f-439d-8f99-2d68adeb48d9/
2025-08-04 11:22:29,148 - INFO - 2025-08-04 11:22:29.148289 - User: aderemijoseph@live.com - Path: /api/conversations/c3de366b-430f-439d-8f99-2d68adeb48d9/messages
2025-08-05 20:59:14,710 - INFO - 2025-08-05 20:59:14.709492 - User: aderemijoseph@live.com - Path: /favicon.ico
2025-08-05 20:59:30,735 - INFO - 2025-08-05 20:59:30.735083 - User: aderemijoseph@live.com - Path: /api/conversations/c3de366b-430f-439d-8f99-2d68adeb48d9/messages
2025-08-05 20:59:48,637 - INFO - 2025-08-05 20:59:48.637077 - User: aderemijoseph@live.com - Path: /api/conversations/c3de366b-430f-439d-8f99-2d68adeb48d9
2025-08-05 20:59:48,649 - INFO - 2025-08-05 20:59:48.649636 - User: aderemijoseph@live.com - Path: /api/conversations/c3de366b-430f-439d-8f99-2d68adeb48d9/
2025-08-05 21:01:53,074 - INFO - 2025-08-05 21:01:53.074804 - User: aderemijoseph@live.com - Path: /api/messages/
2025-08-05 21:02:47,359 - INFO - 2025-08-05 21:02:47.359844 - User: aderemijoseph@live.com - Path: /api/messages/
2025-08-05 21:04:47,966 - INFO - 2025-08-05 21:04:47.966091 - User: aderemijoseph@live.com - Path: /api/messages/
2025-08-05 21:11:53,825 - INFO - 2025-08-05 21:11:53.825338 - User: aderemijoseph@live.com - Path: /api/messages/
2025-08-05 21:15:13,763 - INFO - 2025-08-05 21:15:13.763541 - User: aderemijoseph@live.com - Path: /api/messages/c3de366b-430f-439d-8f99-2d68adeb48d9
2025-08-05 21:15:13,868 - INFO - 2025-08-05 21:15:13.868717 - User: aderemijoseph@live.com - Path: /api/messages/c3de366b-430f-439d-8f99-2d68adeb48d9/
2025-08-05 22:31:18,946 - INFO - 2025-08-05 22:31:18.945275 - User: aderemijoseph@live.com - Path: /favicon.ico
2025-08-05 22:31:36,983 - INFO - 2025-08-05 22:31:36.983416 - User: aderemijoseph@live.com - Path: /api/messages/c3de366b-430f-439d-8f99-2d68adeb48d9/
2025-08-05 22:39:08,378 - INFO - 2025-08-05 22:39:08.378576 - User: aderemijoseph@live.com - Path: /api/messages/c3de366b-430f-439d-8f99-2d68adeb48d9/
2025-08-05 22:46:33,810 - INFO - 2025-08-05 22:46:33.810672 - User: aderemijoseph@live.com - Path: /api/messages/c3de366b-430f-439d-8f99-2d68adeb48d9/
2025-08-05 22:46:52,367 - INFO - 2025-08-05 22:46:52.367549 - User: aderemijoseph@live.com - Path: /api/messages/
2025-08-05 22:47:06,176 - INFO - 2025-08-05 22:47:06.176351 - User: aderemijoseph@live.com - Path: /api/messages/
2025-08-05 22:48:08,589 - INFO - 2025-08-05 22:48:08.589023 - User: aderemijoseph@live.com - Path: /api/conversations/c3de366b-430f-439d-8f99-2d68adeb48d9/
2025-08-05 22:48:59,066 - INFO - 2025-08-05 22:48:59.065952 - User: aderemijoseph@live.com - Path: /api/conversations/c3de366b-430f-439d-8f99-2d68adeb48d9/messages
2025-08-05 22:48:59,082 - INFO - 2025-08-05 22:48:59.082614 - User: aderemijoseph@live.com - Path: /api/conversations/c3de366b-430f-439d-8f99-2d68adeb48d9/messages/
2025-08-05 22:49:32,267 - INFO - 2025-08-05 22:49:32.267179 - User: aderemijoseph@live.com - Path: /api/conversations/c3de366b-430f-439d-8f99-2d68adeb48d9/messages/dd6809ce-fba4-47fe-a677-06008daa401d
2025-08-05 22:49:32,288 - INFO - 2025-08-05 22:49:32.288748 - User: aderemijoseph@live.com - Path: /api/conversations/c3de366b-430f-439d-8f99-2d68adeb48d9/messages/dd6809ce-fba4-47fe-a677-06008daa401d/
2025-08-05 23:00:21,140 - INFO - 2025-08-05 23:00:21.140347 - User: aderemijoseph@live.com - Path: /api/conversations/c3de366b-430f-439d-8f99-2d68adeb48d9/messages/dd6809ce-fba4-47fe-a677-06008daa401d/
2025-08-05 23:00:47,057 - INFO - 2025-08-05 23:00:47.057589 - User: aderemijoseph@live.com - Path: /api/conversations/c3de366b-430f-439d-8f99-2d68adeb48d9/messages/dd6809ce-fba4-47fe-a677-06008daa401d/
2025-08-05 23:01:56,439 - INFO - 2025-08-05 23:01:56.439001 - User: aderemijoseph@live.com - Path: /api/conversations/c3de366b-430f-439d-8f99-2d68adeb48d9/messages/dd6809ce-fba4-47fe-a677-06008daa401d/
2025-08-05 23:02:38,374 - INFO - 2025-08-05 23:02:38.374477 - User: aderemijoseph@live.com - Path: /api/conversations/c3de366b-430f-439d-8f99-2d68adeb48d9/messages/
2025-08-05 23:03:55,328 - INFO - 2025-08-05 23:03:55.328227 - User: aderemijoseph@live.com - Path: /api/conversations/c3de366b-430f-439d-8f99-2d68adeb48d9/
2025-08-05 23:04:19,523 - INFO - 2025-08-05 23:04:19.523501 - User: aderemijoseph@live.com - Path: /api/conversations/c3de366b-430f-439d-8f99-2d68adeb48d9/messages/
